duplicate symbol '_main' in:
    /private/var/folders/gx/8bd5tq3n7yl823wcb9cx_8t80000gn/T/ft_printf-17264c.o
    /private/var/folders/gx/8bd5tq3n7yl823wcb9cx_8t80000gn/T/main-8c98d0.o
ld: 1 duplicate symbols
clang: error: linker command failed with exit code 1 (use -v to see invocation)

<--------------~-~-~-~-~-~-~-~-~------------>
Simple test$
--Format---$
0$
42$
1$
5454$
2147483647$
-2147483648$
-2147483648$
2147483647$
$
0$
2a$
1$
154e$
7fffffff$
80000000$
80000000$
7fffffff$
ffffffff$
$
$
toto$
wiurwuyrhwrywuier$
(null)$
--toto-wiurwuyrhwrywuier-(null)-$
$
--Mixed---$
00422a21474836477fffffff-214748364880000000$
-0-0-42-2a-2147483647-7fffffff--2147483648-80000000-$
$
totowiurwuyrhwrywuier(null)$
--toto-wiurwuyrhwrywuier-(null)-$
written: 376$
\n
<--------------~-~-~-~-~-~-~-~-~------------>\n\n
<--------------~-~-~-~-~-~-~-~-~------------>
\n
<--------------~-~-~-~-~-~-~-~-~------------>
